<?xml version="1.0" encoding="UTF-8"?>
<!-- Generated by org.testng.reporters.JUnitReportReporter -->
<testsuite hostname="Nabanita-PC" failures="0" tests="2" name="Demo.CrossBroserTest" time="21.705" errors="0" timestamp="2023-08-11T21:40:27 IST" skipped="0">
  <testcase classname="Demo.CrossBroserTest" name="testSimple" time="11.023"/>
  <system-out/>
  <testcase classname="Demo.CrossBroserTest" name="testSimple" time="10.682"/>
  <system-out/>
</testsuite> <!-- Demo.CrossBroserTest -->
